<?xml version="1.0" encoding="UTF-8"?>
<testng-results ignored="0" total="2" passed="2" failed="0" skipped="0">
  <reporter-output>
  </reporter-output>
  <suite started-at="2022-03-24T08:05:43 IST" name="Default suite" finished-at="2022-03-24T08:06:18 IST" duration-ms="34545">
    <groups>
    </groups>
    <test started-at="2022-03-24T08:05:43 IST" name="Default test" finished-at="2022-03-24T08:06:18 IST" duration-ms="34545">
      <class name="com.testNg.testNgAnnotations">
        <test-method is-config="true" signature="beforeSuite()[pri:0, instance:com.testNg.testNgAnnotations@130161f7]" started-at="2022-03-24T08:05:18 IST" name="beforeSuite" finished-at="2022-03-24T08:05:43 IST" duration-ms="24900" status="PASS">
          <reporter-output>
          </reporter-output>
        </test-method> <!-- beforeSuite -->
        <test-method is-config="true" signature="beforeTest()[pri:0, instance:com.testNg.testNgAnnotations@130161f7]" started-at="2022-03-24T08:05:43 IST" name="beforeTest" finished-at="2022-03-24T08:05:43 IST" duration-ms="1" status="PASS">
          <reporter-output>
          </reporter-output>
        </test-method> <!-- beforeTest -->
        <test-method is-config="true" signature="beforeClass()[pri:0, instance:com.testNg.testNgAnnotations@130161f7]" started-at="2022-03-24T08:05:43 IST" name="beforeClass" finished-at="2022-03-24T08:05:43 IST" duration-ms="1" status="PASS">
          <reporter-output>
          </reporter-output>
        </test-method> <!-- beforeClass -->
        <test-method is-config="true" signature="beforeMethod()[pri:0, instance:com.testNg.testNgAnnotations@130161f7]" started-at="2022-03-24T08:05:43 IST" name="beforeMethod" finished-at="2022-03-24T08:05:43 IST" duration-ms="1" status="PASS">
          <reporter-output>
          </reporter-output>
        </test-method> <!-- beforeMethod -->
        <test-method signature="ValidateAmzonLoadedsuccessfully()[pri:1, instance:com.testNg.testNgAnnotations@130161f7]" started-at="2022-03-24T08:05:43 IST" name="ValidateAmzonLoadedsuccessfully" finished-at="2022-03-24T08:05:56 IST" duration-ms="12999" status="PASS">
          <reporter-output>
          </reporter-output>
        </test-method> <!-- ValidateAmzonLoadedsuccessfully -->
        <test-method is-config="true" signature="afterMethod()[pri:0, instance:com.testNg.testNgAnnotations@130161f7]" started-at="2022-03-24T08:05:56 IST" name="afterMethod" finished-at="2022-03-24T08:05:56 IST" duration-ms="1" status="PASS">
          <reporter-output>
          </reporter-output>
        </test-method> <!-- afterMethod -->
        <test-method is-config="true" signature="beforeMethod()[pri:0, instance:com.testNg.testNgAnnotations@130161f7]" started-at="2022-03-24T08:05:56 IST" name="beforeMethod" finished-at="2022-03-24T08:05:56 IST" duration-ms="0" status="PASS">
          <reporter-output>
          </reporter-output>
        </test-method> <!-- beforeMethod -->
        <test-method signature="SearchForSamsunGMobiles()[pri:2, instance:com.testNg.testNgAnnotations@130161f7]" started-at="2022-03-24T08:05:56 IST" name="SearchForSamsunGMobiles" finished-at="2022-03-24T08:06:18 IST" duration-ms="21479" status="PASS">
          <reporter-output>
          </reporter-output>
        </test-method> <!-- SearchForSamsunGMobiles -->
        <test-method is-config="true" signature="afterMethod()[pri:0, instance:com.testNg.testNgAnnotations@130161f7]" started-at="2022-03-24T08:06:18 IST" name="afterMethod" finished-at="2022-03-24T08:06:18 IST" duration-ms="0" status="PASS">
          <reporter-output>
          </reporter-output>
        </test-method> <!-- afterMethod -->
        <test-method is-config="true" signature="afterClass()[pri:0, instance:com.testNg.testNgAnnotations@130161f7]" started-at="2022-03-24T08:06:18 IST" name="afterClass" finished-at="2022-03-24T08:06:18 IST" duration-ms="1" status="PASS">
          <reporter-output>
          </reporter-output>
        </test-method> <!-- afterClass -->
        <test-method is-config="true" signature="afterTest()[pri:0, instance:com.testNg.testNgAnnotations@130161f7]" started-at="2022-03-24T08:06:18 IST" name="afterTest" finished-at="2022-03-24T08:06:18 IST" duration-ms="3" status="PASS">
          <reporter-output>
          </reporter-output>
        </test-method> <!-- afterTest -->
        <test-method is-config="true" signature="afterSuite()[pri:0, instance:com.testNg.testNgAnnotations@130161f7]" started-at="2022-03-24T08:06:18 IST" name="afterSuite" finished-at="2022-03-24T08:06:18 IST" duration-ms="54" status="PASS">
          <reporter-output>
          </reporter-output>
        </test-method> <!-- afterSuite -->
      </class> <!-- com.testNg.testNgAnnotations -->
    </test> <!-- Default test -->
  </suite> <!-- Default suite -->
</testng-results>
